#
# There is insufficient memory for the Java Runtime Environment to continue.
# Native memory allocation (malloc) failed to allocate 1208432 bytes. Error detail: Chunk::new
# Possible reasons:
#   The system is out of physical RAM or swap space
#   This process is running with CompressedOops enabled, and the Java Heap may be blocking the growth of the native heap
# Possible solutions:
#   Reduce memory load on the system
#   Increase physical memory or swap space
#   Check if swap backing store is full
#   Decrease Java heap size (-Xmx/-Xms)
#   Decrease number of Java threads
#   Decrease Java thread stack sizes (-Xss)
#   Set larger code cache with -XX:ReservedCodeCacheSize=
#   JVM is running with Unscaled Compressed Oops mode in which the Java heap is
#     placed in the first 4GB address space. The Java Heap base address is the
#     maximum limit for the native heap growth. Please use -XX:HeapBaseMinAddress
#     to set the Java Heap base and to place the Java Heap above 4GB virtual address.
# This output file may be truncated or incomplete.
#
#  Out of Memory Error (arena.cpp:168), pid=8228, tid=7104
#
# JRE version: OpenJDK Runtime Environment Temurin-21.0.7+6 (21.0.7+6) (build 21.0.7+6-LTS)
# Java VM: OpenJDK 64-Bit Server VM Temurin-21.0.7+6 (21.0.7+6-LTS, mixed mode, sharing, tiered, compressed oops, compressed class ptrs, parallel gc, windows-amd64)
# No core dump will be written. Minidumps are not enabled by default on client versions of Windows
#

---------------  S U M M A R Y ------------

Command Line: --add-modules=ALL-SYSTEM --add-opens=java.base/java.util=ALL-UNNAMED --add-opens=java.base/java.lang=ALL-UNNAMED --add-opens=java.base/sun.nio.fs=ALL-UNNAMED -Declipse.application=org.eclipse.jdt.ls.core.id1 -Dosgi.bundles.defaultStartLevel=4 -Declipse.product=org.eclipse.jdt.ls.core.product -Djava.import.generatesMetadataFilesAtProjectRoot=false -DDetectVMInstallationsJob.disabled=true -Dfile.encoding=utf8 -XX:+UseParallelGC -XX:GCTimeRatio=4 -XX:AdaptiveSizePolicyWeight=90 -Dsun.zip.disableMemoryMapping=true -Xmx1G -Xms100m -Xlog:disable -javaagent:c:\Users\228173\.vscode\extensions\redhat.java-1.42.0-win32-x64\lombok\lombok-1.18.36.jar -XX:+HeapDumpOnOutOfMemoryError -XX:HeapDumpPath=c:\Users\228173\AppData\Roaming\Code\User\workspaceStorage\2871f856292fa7dcc08f245d6134fec5\redhat.java -Daether.dependencyCollector.impl=bf c:\Users\228173\.vscode\extensions\redhat.java-1.42.0-win32-x64\server\plugins\org.eclipse.equinox.launcher_1.7.0.v20250424-1814.jar -configuration c:\Users\228173\AppData\Roaming\Code\User\globalStorage\redhat.java\1.42.0\config_win -data c:\Users\228173\AppData\Roaming\Code\User\workspaceStorage\2871f856292fa7dcc08f245d6134fec5\redhat.java\jdt_ws --pipe=\\.\pipe\lsp-9df3bdc5565172d382a8f7bb8bd3b435-sock

Host: 11th Gen Intel(R) Core(TM) i7-1185G7 @ 3.00GHz, 8 cores, 15G,  Windows 11 , 64 bit Build 22621 (10.0.22621.5124)
Time: Thu Jun 12 09:17:45 2025 Central Standard Time (Mexico) elapsed time: 50.217372 seconds (0d 0h 0m 50s)

---------------  T H R E A D  ---------------

Current thread (0x0000028afb00e890):  JavaThread "C2 CompilerThread0" daemon [_thread_in_native, id=7104, stack(0x000000d491a00000,0x000000d491b00000) (1024K)]


Current CompileTask:
C2:50218 10484   !   4       org.eclipse.jdt.internal.core.search.indexing.AddJrtToIndex$JrtIndexer::visitFile (133 bytes)

Stack: [0x000000d491a00000,0x000000d491b00000]
Native frames: (J=compiled Java code, j=interpreted, Vv=VM code, C=native code)
V  [jvm.dll+0x6ce119]
V  [jvm.dll+0x8a84a1]
V  [jvm.dll+0x8aa9ce]
V  [jvm.dll+0x8ab0b3]
V  [jvm.dll+0x27f8a6]
V  [jvm.dll+0xc507d]
V  [jvm.dll+0xc55b3]
V  [jvm.dll+0x3b692c]
V  [jvm.dll+0x1e0029]
V  [jvm.dll+0x247c42]
V  [jvm.dll+0x2470cf]
V  [jvm.dll+0x1c760e]
V  [jvm.dll+0x25695a]
V  [jvm.dll+0x254efa]
V  [jvm.dll+0x3f03f6]
V  [jvm.dll+0x851f6b]
V  [jvm.dll+0x6cc7dd]
C  [ucrtbase.dll+0x29333]
C  [KERNEL32.DLL+0x1259d]
C  [ntdll.dll+0x5af38]


---------------  P R O C E S S  ---------------

Threads class SMR info:
_java_thread_list=0x0000028afb622590, length=59, elements={
0x0000028ade7f7fd0, 0x0000028af544e3d0, 0x0000028afb006840, 0x0000028afb00ad30,
0x0000028afb00b780, 0x0000028afb00d0c0, 0x0000028afb00db10, 0x0000028afb00e890,
0x0000028afb0413d0, 0x0000028afb10b340, 0x0000028afb344ea0, 0x0000028afbfda6a0,
0x0000028afbc2af70, 0x0000028afbcb2980, 0x0000028afbcb2fe0, 0x0000028afbb53bf0,
0x0000028afbb52ed0, 0x0000028afbb54910, 0x0000028afbb53560, 0x0000028afbb51b20,
0x0000028afbb521b0, 0x0000028afe660af0, 0x0000028afe663f70, 0x0000028afe666d60,
0x0000028afe662530, 0x0000028afe662bc0, 0x0000028afe667a80, 0x0000028afe6666d0,
0x0000028afe663250, 0x0000028afe6638e0, 0x0000028afe668110, 0x0000028afe664600,
0x0000028afe665320, 0x0000028afe661180, 0x0000028afe664c90, 0x0000028afe661810,
0x0000028afe6659b0, 0x0000028afbb52840, 0x0000028afd574f20, 0x0000028afd575c40,
0x0000028afd57b820, 0x0000028afd5783a0, 0x0000028afd57b190, 0x0000028afd57a470,
0x0000028afd576960, 0x0000028afd57beb0, 0x0000028afd579de0, 0x0000028afd57c540,
0x0000028afd5755b0, 0x0000028afd577d10, 0x0000028afd576ff0, 0x0000028afd578a30,
0x0000028afc10cae0, 0x0000028afc108fd0, 0x0000028afc1082b0, 0x0000028afc10c450,
0x0000028afc10b730, 0x0000028afc10d170, 0x0000028afc109cf0
}

Java Threads: ( => current thread )
  0x0000028ade7f7fd0 JavaThread "main"                              [_thread_blocked, id=30972, stack(0x000000d491000000,0x000000d491100000) (1024K)]
  0x0000028af544e3d0 JavaThread "Reference Handler"          daemon [_thread_blocked, id=20256, stack(0x000000d491400000,0x000000d491500000) (1024K)]
  0x0000028afb006840 JavaThread "Finalizer"                  daemon [_thread_blocked, id=42068, stack(0x000000d491500000,0x000000d491600000) (1024K)]
  0x0000028afb00ad30 JavaThread "Signal Dispatcher"          daemon [_thread_blocked, id=21836, stack(0x000000d491600000,0x000000d491700000) (1024K)]
  0x0000028afb00b780 JavaThread "Attach Listener"            daemon [_thread_blocked, id=11416, stack(0x000000d491700000,0x000000d491800000) (1024K)]
  0x0000028afb00d0c0 JavaThread "Service Thread"             daemon [_thread_blocked, id=37444, stack(0x000000d491800000,0x000000d491900000) (1024K)]
  0x0000028afb00db10 JavaThread "Monitor Deflation Thread"   daemon [_thread_blocked, id=10604, stack(0x000000d491900000,0x000000d491a00000) (1024K)]
=>0x0000028afb00e890 JavaThread "C2 CompilerThread0"         daemon [_thread_in_native, id=7104, stack(0x000000d491a00000,0x000000d491b00000) (1024K)]
  0x0000028afb0413d0 JavaThread "C1 CompilerThread0"         daemon [_thread_blocked, id=43860, stack(0x000000d491b00000,0x000000d491c00000) (1024K)]
  0x0000028afb10b340 JavaThread "Common-Cleaner"             daemon [_thread_blocked, id=42124, stack(0x000000d491c00000,0x000000d491d00000) (1024K)]
  0x0000028afb344ea0 JavaThread "Notification Thread"        daemon [_thread_blocked, id=16956, stack(0x000000d491d00000,0x000000d491e00000) (1024K)]
  0x0000028afbfda6a0 JavaThread "Active Thread: Equinox Container: 611ff0a0-bef2-4c1c-8227-39d824ea5200"        [_thread_blocked, id=16908, stack(0x000000d492600000,0x000000d492700000) (1024K)]
  0x0000028afbc2af70 JavaThread "Refresh Thread: Equinox Container: 611ff0a0-bef2-4c1c-8227-39d824ea5200" daemon [_thread_blocked, id=17012, stack(0x000000d491e00000,0x000000d491f00000) (1024K)]
  0x0000028afbcb2980 JavaThread "Framework Event Dispatcher: Equinox Container: 611ff0a0-bef2-4c1c-8227-39d824ea5200" daemon [_thread_blocked, id=34704, stack(0x000000d492700000,0x000000d492800000) (1024K)]
  0x0000028afbcb2fe0 JavaThread "Start Level: Equinox Container: 611ff0a0-bef2-4c1c-8227-39d824ea5200" daemon [_thread_blocked, id=33992, stack(0x000000d492800000,0x000000d492900000) (1024K)]
  0x0000028afbb53bf0 JavaThread "Bundle File Closer"         daemon [_thread_blocked, id=39656, stack(0x000000d492900000,0x000000d492a00000) (1024K)]
  0x0000028afbb52ed0 JavaThread "SCR Component Actor"        daemon [_thread_blocked, id=4988, stack(0x000000d492a00000,0x000000d492b00000) (1024K)]
  0x0000028afbb54910 JavaThread "Worker-JM"                         [_thread_blocked, id=14360, stack(0x000000d492d00000,0x000000d492e00000) (1024K)]
  0x0000028afbb53560 JavaThread "JNA Cleaner"                daemon [_thread_blocked, id=15384, stack(0x000000d492c00000,0x000000d492d00000) (1024K)]
  0x0000028afbb51b20 JavaThread "Worker-0: Java indexing... "        [_thread_blocked, id=17756, stack(0x000000d492e00000,0x000000d492f00000) (1024K)]
  0x0000028afbb521b0 JavaThread "Worker-1"                          [_thread_blocked, id=41972, stack(0x000000d492f00000,0x000000d493000000) (1024K)]
  0x0000028afe660af0 JavaThread "Java indexing"              daemon [_thread_in_Java, id=28476, stack(0x000000d493200000,0x000000d493300000) (1024K)]
  0x0000028afe663f70 JavaThread "Worker-2"                          [_thread_blocked, id=17380, stack(0x000000d493300000,0x000000d493400000) (1024K)]
  0x0000028afe666d60 JavaThread "Worker-3"                          [_thread_blocked, id=28580, stack(0x000000d493500000,0x000000d493600000) (1024K)]
  0x0000028afe662530 JavaThread "Worker-4: Building"                [_thread_in_native, id=4064, stack(0x000000d493600000,0x000000d493700000) (1024K)]
  0x0000028afe662bc0 JavaThread "Thread-2"                   daemon [_thread_in_native, id=36380, stack(0x000000d493700000,0x000000d493800000) (1024K)]
  0x0000028afe667a80 JavaThread "Thread-3"                   daemon [_thread_in_native, id=35256, stack(0x000000d493800000,0x000000d493900000) (1024K)]
  0x0000028afe6666d0 JavaThread "Thread-4"                   daemon [_thread_in_native, id=320, stack(0x000000d493900000,0x000000d493a00000) (1024K)]
  0x0000028afe663250 JavaThread "Thread-5"                   daemon [_thread_in_native, id=17180, stack(0x000000d493a00000,0x000000d493b00000) (1024K)]
  0x0000028afe6638e0 JavaThread "Thread-6"                   daemon [_thread_in_native, id=41908, stack(0x000000d493b00000,0x000000d493c00000) (1024K)]
  0x0000028afe668110 JavaThread "Thread-7"                   daemon [_thread_in_native, id=17264, stack(0x000000d493c00000,0x000000d493d00000) (1024K)]
  0x0000028afe664600 JavaThread "Thread-8"                   daemon [_thread_in_native, id=36180, stack(0x000000d493d00000,0x000000d493e00000) (1024K)]
  0x0000028afe665320 JavaThread "Thread-9"                   daemon [_thread_in_native, id=31676, stack(0x000000d493e00000,0x000000d493f00000) (1024K)]
  0x0000028afe661180 JavaThread "Thread-10"                  daemon [_thread_in_native, id=3004, stack(0x000000d493f00000,0x000000d494000000) (1024K)]
  0x0000028afe664c90 JavaThread "pool-2-thread-1"                   [_thread_blocked, id=37712, stack(0x000000d494000000,0x000000d494100000) (1024K)]
  0x0000028afe661810 JavaThread "WorkspaceEventsHandler"            [_thread_blocked, id=28412, stack(0x000000d494100000,0x000000d494200000) (1024K)]
  0x0000028afe6659b0 JavaThread "pool-1-thread-1"                   [_thread_blocked, id=33308, stack(0x000000d494200000,0x000000d494300000) (1024K)]
  0x0000028afbb52840 JavaThread "Worker-5"                          [_thread_blocked, id=39836, stack(0x000000d494300000,0x000000d494400000) (1024K)]
  0x0000028afd574f20 JavaThread "LocalFile Deleter"          daemon [_thread_blocked, id=5068, stack(0x000000d493000000,0x000000d493100000) (1024K)]
  0x0000028afd575c40 JavaThread "LocalFile Deleter"          daemon [_thread_blocked, id=4028, stack(0x000000d493100000,0x000000d493200000) (1024K)]
  0x0000028afd57b820 JavaThread "LocalFile Deleter"          daemon [_thread_blocked, id=43512, stack(0x000000d494400000,0x000000d494500000) (1024K)]
  0x0000028afd5783a0 JavaThread "LocalFile Deleter"          daemon [_thread_blocked, id=35980, stack(0x000000d494500000,0x000000d494600000) (1024K)]
  0x0000028afd57b190 JavaThread "LocalFile Deleter"          daemon [_thread_blocked, id=16664, stack(0x000000d494600000,0x000000d494700000) (1024K)]
  0x0000028afd57a470 JavaThread "LocalFile Deleter"          daemon [_thread_blocked, id=17896, stack(0x000000d494700000,0x000000d494800000) (1024K)]
  0x0000028afd576960 JavaThread "LocalFile Deleter"          daemon [_thread_blocked, id=16716, stack(0x000000d494800000,0x000000d494900000) (1024K)]
  0x0000028afd57beb0 JavaThread "LocalFile Deleter"          daemon [_thread_blocked, id=20700, stack(0x000000d494900000,0x000000d494a00000) (1024K)]
  0x0000028afd579de0 JavaThread "Compiler Source File Reader" daemon [_thread_blocked, id=35160, stack(0x000000d494a00000,0x000000d494b00000) (1024K)]
  0x0000028afd57c540 JavaThread "Compiler Source File Reader" daemon [_thread_blocked, id=16844, stack(0x000000d494b00000,0x000000d494c00000) (1024K)]
  0x0000028afd5755b0 JavaThread "Compiler Source File Reader" daemon [_thread_blocked, id=17100, stack(0x000000d494c00000,0x000000d494d00000) (1024K)]
  0x0000028afd577d10 JavaThread "Compiler Source File Reader" daemon [_thread_blocked, id=38712, stack(0x000000d494d00000,0x000000d494e00000) (1024K)]
  0x0000028afd576ff0 JavaThread "Compiler Source File Reader" daemon [_thread_blocked, id=29392, stack(0x000000d494e00000,0x000000d494f00000) (1024K)]
  0x0000028afd578a30 JavaThread "Compiler Source File Reader" daemon [_thread_blocked, id=30796, stack(0x000000d494f00000,0x000000d495000000) (1024K)]
  0x0000028afc10cae0 JavaThread "Compiler Processing Task"   daemon [_thread_blocked, id=24484, stack(0x000000d495100000,0x000000d495200000) (1024K)]
  0x0000028afc108fd0 JavaThread "Compiler Class File Writer" daemon [_thread_blocked, id=26408, stack(0x000000d495200000,0x000000d495300000) (1024K)]
  0x0000028afc1082b0 JavaThread "Compiler Class File Writer" daemon [_thread_blocked, id=30008, stack(0x000000d495300000,0x000000d495400000) (1024K)]
  0x0000028afc10c450 JavaThread "Compiler Class File Writer" daemon [_thread_blocked, id=2172, stack(0x000000d495400000,0x000000d495500000) (1024K)]
  0x0000028afc10b730 JavaThread "Compiler Class File Writer" daemon [_thread_blocked, id=3764, stack(0x000000d495500000,0x000000d495600000) (1024K)]
  0x0000028afc10d170 JavaThread "Compiler Class File Writer" daemon [_thread_blocked, id=7572, stack(0x000000d495600000,0x000000d495700000) (1024K)]
  0x0000028afc109cf0 JavaThread "Compiler Class File Writer" daemon [_thread_blocked, id=19144, stack(0x000000d495700000,0x000000d495800000) (1024K)]
Total: 59

Other Threads:
  0x0000028af5435630 VMThread "VM Thread"                           [id=16208, stack(0x000000d491300000,0x000000d491400000) (1024K)]
  0x0000028ae1112200 WatcherThread "VM Periodic Task Thread"        [id=32364, stack(0x000000d491200000,0x000000d491300000) (1024K)]
  0x0000028ae10bfdf0 WorkerThread "GC Thread#0"                     [id=39808, stack(0x000000d491100000,0x000000d491200000) (1024K)]
  0x0000028afb454e80 WorkerThread "GC Thread#1"                     [id=36000, stack(0x000000d492000000,0x000000d492100000) (1024K)]
  0x0000028afb25b770 WorkerThread "GC Thread#2"                     [id=35620, stack(0x000000d492100000,0x000000d492200000) (1024K)]
  0x0000028afb25bb10 WorkerThread "GC Thread#3"                     [id=33564, stack(0x000000d492200000,0x000000d492300000) (1024K)]
  0x0000028afb25beb0 WorkerThread "GC Thread#4"                     [id=43168, stack(0x000000d492300000,0x000000d492400000) (1024K)]
  0x0000028afb474bb0 WorkerThread "GC Thread#5"                     [id=28912, stack(0x000000d492400000,0x000000d492500000) (1024K)]
  0x0000028afb474f50 WorkerThread "GC Thread#6"                     [id=32488, stack(0x000000d492500000,0x000000d492600000) (1024K)]
  0x0000028afbd32ad0 WorkerThread "GC Thread#7"                     [id=38992, stack(0x000000d491f00000,0x000000d492000000) (1024K)]
Total: 10

Threads with active compile tasks:
C2 CompilerThread0  50316 10484   !   4       org.eclipse.jdt.internal.core.search.indexing.AddJrtToIndex$JrtIndexer::visitFile (133 bytes)
Total: 1

VM state: not at safepoint (normal execution)

VM Mutex/Monitor currently owned by a thread: None

Heap address: 0x00000000c0000000, size: 1024 MB, Compressed Oops mode: 32-bit

CDS archive(s) mapped at: [0x0000028a80000000-0x0000028a80ba0000-0x0000028a80ba0000), size 12189696, SharedBaseAddress: 0x0000028a80000000, ArchiveRelocationMode: 1.
Compressed class space mapped at: 0x0000028a81000000-0x0000028ac1000000, reserved size: 1073741824
Narrow klass base: 0x0000028a80000000, Narrow klass shift: 0, Narrow klass range: 0x100000000

GC Precious Log:
 CardTable entry size: 512
 CPUs: 8 total, 8 available
 Memory: 15761M
 Large Page Support: Disabled
 NUMA Support: Disabled
 Compressed Oops: Enabled (32-bit)
 Alignments: Space 512K, Generation 512K, Heap 2M
 Heap Min Capacity: 100M
 Heap Initial Capacity: 100M
 Heap Max Capacity: 1G
 Pre-touch: Disabled
 Parallel Workers: 8

Heap:
 PSYoungGen      total 5120K, used 4205K [0x00000000eab00000, 0x00000000eb100000, 0x0000000100000000)
  eden space 4096K, 83% used [0x00000000eab00000,0x00000000eae53c20,0x00000000eaf00000)
  from space 1024K, 84% used [0x00000000eaf00000,0x00000000eafd8000,0x00000000eb000000)
  to   space 1024K, 0% used [0x00000000eb000000,0x00000000eb000000,0x00000000eb100000)
 ParOldGen       total 115712K, used 115318K [0x00000000c0000000, 0x00000000c7100000, 0x00000000eab00000)
  object space 115712K, 99% used [0x00000000c0000000,0x00000000c709d950,0x00000000c7100000)
 Metaspace       used 60311K, committed 61632K, reserved 1114112K
  class space    used 6179K, committed 6784K, reserved 1048576K

Card table byte_map: [0x0000028ae0a00000,0x0000028ae0c10000] _byte_map_base: 0x0000028ae0400000

Marking Bits: (ParMarkBitMap*) 0x00007ff9e71331f0
 Begin Bits: [0x0000028af3250000, 0x0000028af4250000)
 End Bits:   [0x0000028af4250000, 0x0000028af5250000)

Polling page: 0x0000028ae0330000

Metaspace:

Usage:
  Non-class:     52.86 MB used.
      Class:      6.04 MB used.
       Both:     58.90 MB used.

Virtual space:
  Non-class space:       64.00 MB reserved,      53.56 MB ( 84%) committed,  1 nodes.
      Class space:        1.00 GB reserved,       6.62 MB ( <1%) committed,  1 nodes.
             Both:        1.06 GB reserved,      60.19 MB (  6%) committed. 

Chunk freelists:
   Non-Class:  10.42 MB
       Class:  9.41 MB
        Both:  19.83 MB

MaxMetaspaceSize: unlimited
CompressedClassSpaceSize: 1.00 GB
Initial GC threshold: 21.00 MB
Current GC threshold: 98.12 MB
CDS: on
 - commit_granule_bytes: 65536.
 - commit_granule_words: 8192.
 - virtual_space_node_default_size: 8388608.
 - enlarge_chunks_in_place: 1.
 - use_allocation_guard: 0.


Internal statistics:

num_allocs_failed_limit: 15.
num_arena_births: 1176.
num_arena_deaths: 14.
num_vsnodes_births: 2.
num_vsnodes_deaths: 0.
num_space_committed: 963.
num_space_uncommitted: 0.
num_chunks_returned_to_freelist: 29.
num_chunks_taken_from_freelist: 3966.
num_chunk_merges: 21.
num_chunk_splits: 2477.
num_chunks_enlarged: 1384.
num_inconsistent_stats: 0.

CodeHeap 'non-profiled nmethods': size=120000Kb used=6912Kb max_used=6912Kb free=113087Kb
 bounds [0x0000028aebd20000, 0x0000028aec3f0000, 0x0000028af3250000]
CodeHeap 'profiled nmethods': size=120000Kb used=22388Kb max_used=22388Kb free=97611Kb
 bounds [0x0000028ae4250000, 0x0000028ae5830000, 0x0000028aeb780000]
CodeHeap 'non-nmethods': size=5760Kb used=1425Kb max_used=1493Kb free=4334Kb
 bounds [0x0000028aeb780000, 0x0000028aeb9f0000, 0x0000028aebd20000]
 total_blobs=10527 nmethods=9801 adapters=632
 compilation: enabled
              stopped_count=0, restarted_count=0
 full_count=0

Compilation events (20 events):
Event: 50.138 Thread 0x0000028afb0413d0 10626       1       org.eclipse.aether.DefaultRepositorySystemSession::getProxySelector (5 bytes)
Event: 50.138 Thread 0x0000028afb0413d0 nmethod 10626 0x0000028aec3dd490 code [0x0000028aec3dd620, 0x0000028aec3dd6e8]
Event: 50.138 Thread 0x0000028afb0413d0 10627       1       org.eclipse.aether.DefaultRepositorySystemSession::getAuthenticationSelector (5 bytes)
Event: 50.138 Thread 0x0000028afb0413d0 nmethod 10627 0x0000028aec3dd790 code [0x0000028aec3dd920, 0x0000028aec3dd9e8]
Event: 50.139 Thread 0x0000028afb0413d0 10628       3       sun.nio.ch.FileKey::hashCode (42 bytes)
Event: 50.139 Thread 0x0000028afb0413d0 nmethod 10628 0x0000028ae581b210 code [0x0000028ae581b3a0, 0x0000028ae581b4e0]
Event: 50.139 Thread 0x0000028afb0413d0 10629       3       org.eclipse.aether.util.ConfigUtils::getBoolean (74 bytes)
Event: 50.140 Thread 0x0000028afb0413d0 nmethod 10629 0x0000028ae581b590 code [0x0000028ae581b7a0, 0x0000028ae581bf88]
Event: 50.144 Thread 0x0000028afb0413d0 10631   !   3       java.util.regex.Pattern::RemoveQEQuoting (370 bytes)
Event: 50.146 Thread 0x0000028afb0413d0 nmethod 10631 0x0000028ae581c190 code [0x0000028ae581c460, 0x0000028ae581d510]
Event: 50.146 Thread 0x0000028afb0413d0 10633       3       java.lang.StringLatin1::regionMatchesCI (45 bytes)
Event: 50.146 Thread 0x0000028afb0413d0 nmethod 10633 0x0000028ae581db90 code [0x0000028ae581dd60, 0x0000028ae581e018]
Event: 50.146 Thread 0x0000028afb0413d0 10632       3       java.util.regex.Pattern::group0 (1098 bytes)
Event: 50.154 Thread 0x0000028afb0413d0 nmethod 10632 0x0000028ae581e190 code [0x0000028ae581e980, 0x0000028ae5823040]
Event: 50.154 Thread 0x0000028afb0413d0 10636       3       org.eclipse.jdt.ls.core.internal.handlers.ProgressReporterManager$ProgressReporter::sendProgress (78 bytes)
Event: 50.155 Thread 0x0000028afb0413d0 nmethod 10636 0x0000028ae5824a90 code [0x0000028ae5824c80, 0x0000028ae58251d0]
Event: 50.155 Thread 0x0000028afb0413d0 10635       3       org.eclipse.aether.util.ConfigUtils::getBoolean (12 bytes)
Event: 50.155 Thread 0x0000028afb0413d0 nmethod 10635 0x0000028ae5825390 code [0x0000028ae5825540, 0x0000028ae5825740]
Event: 50.155 Thread 0x0000028afb0413d0 10634       1       org.eclipse.aether.DefaultRepositorySystemSession::getLocalRepositoryManager (5 bytes)
Event: 50.155 Thread 0x0000028afb0413d0 nmethod 10634 0x0000028aec3dda90 code [0x0000028aec3ddc20, 0x0000028aec3ddce8]

GC Heap History (20 events):
Event: 45.599 GC heap before
{Heap before GC invocations=101 (full 3):
 PSYoungGen      total 5120K, used 4898K [0x00000000eab00000, 0x00000000eb100000, 0x0000000100000000)
  eden space 4096K, 100% used [0x00000000eab00000,0x00000000eaf00000,0x00000000eaf00000)
  from space 1024K, 78% used [0x00000000eaf00000,0x00000000eafc88b0,0x00000000eb000000)
  to   space 1024K, 0% used [0x00000000eb000000,0x00000000eb000000,0x00000000eb100000)
 ParOldGen       total 108032K, used 107963K [0x00000000c0000000, 0x00000000c6980000, 0x00000000eab00000)
  object space 108032K, 99% used [0x00000000c0000000,0x00000000c696ecc0,0x00000000c6980000)
 Metaspace       used 59311K, committed 60608K, reserved 1114112K
  class space    used 6094K, committed 6720K, reserved 1048576K
}
Event: 45.602 GC heap after
{Heap after GC invocations=101 (full 3):
 PSYoungGen      total 5120K, used 741K [0x00000000eab00000, 0x00000000eb100000, 0x0000000100000000)
  eden space 4096K, 0% used [0x00000000eab00000,0x00000000eab00000,0x00000000eaf00000)
  from space 1024K, 72% used [0x00000000eb000000,0x00000000eb0b9580,0x00000000eb100000)
  to   space 1024K, 0% used [0x00000000eaf00000,0x00000000eaf00000,0x00000000eb000000)
 ParOldGen       total 109056K, used 108635K [0x00000000c0000000, 0x00000000c6a80000, 0x00000000eab00000)
  object space 109056K, 99% used [0x00000000c0000000,0x00000000c6a16dd8,0x00000000c6a80000)
 Metaspace       used 59311K, committed 60608K, reserved 1114112K
  class space    used 6094K, committed 6720K, reserved 1048576K
}
Event: 49.116 GC heap before
{Heap before GC invocations=102 (full 3):
 PSYoungGen      total 5120K, used 4832K [0x00000000eab00000, 0x00000000eb100000, 0x0000000100000000)
  eden space 4096K, 99% used [0x00000000eab00000,0x00000000eaefee48,0x00000000eaf00000)
  from space 1024K, 72% used [0x00000000eb000000,0x00000000eb0b9580,0x00000000eb100000)
  to   space 1024K, 0% used [0x00000000eaf00000,0x00000000eaf00000,0x00000000eb000000)
 ParOldGen       total 109056K, used 108635K [0x00000000c0000000, 0x00000000c6a80000, 0x00000000eab00000)
  object space 109056K, 99% used [0x00000000c0000000,0x00000000c6a16dd8,0x00000000c6a80000)
 Metaspace       used 59363K, committed 60672K, reserved 1114112K
  class space    used 6100K, committed 6720K, reserved 1048576K
}
Event: 49.118 GC heap after
{Heap after GC invocations=102 (full 3):
 PSYoungGen      total 5120K, used 780K [0x00000000eab00000, 0x00000000eb100000, 0x0000000100000000)
  eden space 4096K, 0% used [0x00000000eab00000,0x00000000eab00000,0x00000000eaf00000)
  from space 1024K, 76% used [0x00000000eaf00000,0x00000000eafc3070,0x00000000eb000000)
  to   space 1024K, 0% used [0x00000000eb000000,0x00000000eb000000,0x00000000eb100000)
 ParOldGen       total 109568K, used 109273K [0x00000000c0000000, 0x00000000c6b00000, 0x00000000eab00000)
  object space 109568K, 99% used [0x00000000c0000000,0x00000000c6ab6780,0x00000000c6b00000)
 Metaspace       used 59363K, committed 60672K, reserved 1114112K
  class space    used 6100K, committed 6720K, reserved 1048576K
}
Event: 49.200 GC heap before
{Heap before GC invocations=103 (full 3):
 PSYoungGen      total 5120K, used 4876K [0x00000000eab00000, 0x00000000eb100000, 0x0000000100000000)
  eden space 4096K, 100% used [0x00000000eab00000,0x00000000eaf00000,0x00000000eaf00000)
  from space 1024K, 76% used [0x00000000eaf00000,0x00000000eafc3070,0x00000000eb000000)
  to   space 1024K, 0% used [0x00000000eb000000,0x00000000eb000000,0x00000000eb100000)
 ParOldGen       total 109568K, used 109273K [0x00000000c0000000, 0x00000000c6b00000, 0x00000000eab00000)
  object space 109568K, 99% used [0x00000000c0000000,0x00000000c6ab6780,0x00000000c6b00000)
 Metaspace       used 59727K, committed 60992K, reserved 1114112K
  class space    used 6133K, committed 6720K, reserved 1048576K
}
Event: 49.203 GC heap after
{Heap after GC invocations=103 (full 3):
 PSYoungGen      total 5120K, used 538K [0x00000000eab00000, 0x00000000eb100000, 0x0000000100000000)
  eden space 4096K, 0% used [0x00000000eab00000,0x00000000eab00000,0x00000000eaf00000)
  from space 1024K, 52% used [0x00000000eb000000,0x00000000eb086b38,0x00000000eb100000)
  to   space 1024K, 0% used [0x00000000eaf00000,0x00000000eaf00000,0x00000000eb000000)
 ParOldGen       total 110080K, used 109910K [0x00000000c0000000, 0x00000000c6b80000, 0x00000000eab00000)
  object space 110080K, 99% used [0x00000000c0000000,0x00000000c6b55a10,0x00000000c6b80000)
 Metaspace       used 59727K, committed 60992K, reserved 1114112K
  class space    used 6133K, committed 6720K, reserved 1048576K
}
Event: 49.241 GC heap before
{Heap before GC invocations=104 (full 3):
 PSYoungGen      total 5120K, used 4634K [0x00000000eab00000, 0x00000000eb100000, 0x0000000100000000)
  eden space 4096K, 100% used [0x00000000eab00000,0x00000000eaf00000,0x00000000eaf00000)
  from space 1024K, 52% used [0x00000000eb000000,0x00000000eb086b38,0x00000000eb100000)
  to   space 1024K, 0% used [0x00000000eaf00000,0x00000000eaf00000,0x00000000eb000000)
 ParOldGen       total 110080K, used 109910K [0x00000000c0000000, 0x00000000c6b80000, 0x00000000eab00000)
  object space 110080K, 99% used [0x00000000c0000000,0x00000000c6b55a10,0x00000000c6b80000)
 Metaspace       used 59796K, committed 61056K, reserved 1114112K
  class space    used 6143K, committed 6720K, reserved 1048576K
}
Event: 49.243 GC heap after
{Heap after GC invocations=104 (full 3):
 PSYoungGen      total 5120K, used 1010K [0x00000000eab00000, 0x00000000eb300000, 0x0000000100000000)
  eden space 4096K, 0% used [0x00000000eab00000,0x00000000eab00000,0x00000000eaf00000)
  from space 1024K, 98% used [0x00000000eaf00000,0x00000000eaffc940,0x00000000eb000000)
  to   space 2048K, 0% used [0x00000000eb100000,0x00000000eb100000,0x00000000eb300000)
 ParOldGen       total 110592K, used 110318K [0x00000000c0000000, 0x00000000c6c00000, 0x00000000eab00000)
  object space 110592K, 99% used [0x00000000c0000000,0x00000000c6bbb940,0x00000000c6c00000)
 Metaspace       used 59796K, committed 61056K, reserved 1114112K
  class space    used 6143K, committed 6720K, reserved 1048576K
}
Event: 49.410 GC heap before
{Heap before GC invocations=105 (full 3):
 PSYoungGen      total 5120K, used 5106K [0x00000000eab00000, 0x00000000eb300000, 0x0000000100000000)
  eden space 4096K, 99% used [0x00000000eab00000,0x00000000eaefffe0,0x00000000eaf00000)
  from space 1024K, 98% used [0x00000000eaf00000,0x00000000eaffc940,0x00000000eb000000)
  to   space 2048K, 0% used [0x00000000eb100000,0x00000000eb100000,0x00000000eb300000)
 ParOldGen       total 110592K, used 110318K [0x00000000c0000000, 0x00000000c6c00000, 0x00000000eab00000)
  object space 110592K, 99% used [0x00000000c0000000,0x00000000c6bbb940,0x00000000c6c00000)
 Metaspace       used 60103K, committed 61376K, reserved 1114112K
  class space    used 6176K, committed 6784K, reserved 1048576K
}
Event: 49.412 GC heap after
{Heap after GC invocations=105 (full 3):
 PSYoungGen      total 5120K, used 672K [0x00000000eab00000, 0x00000000eb200000, 0x0000000100000000)
  eden space 4096K, 0% used [0x00000000eab00000,0x00000000eab00000,0x00000000eaf00000)
  from space 1024K, 65% used [0x00000000eb100000,0x00000000eb1a8000,0x00000000eb200000)
  to   space 1024K, 0% used [0x00000000eaf00000,0x00000000eaf00000,0x00000000eb000000)
 ParOldGen       total 111616K, used 111260K [0x00000000c0000000, 0x00000000c6d00000, 0x00000000eab00000)
  object space 111616K, 99% used [0x00000000c0000000,0x00000000c6ca7248,0x00000000c6d00000)
 Metaspace       used 60103K, committed 61376K, reserved 1114112K
  class space    used 6176K, committed 6784K, reserved 1048576K
}
Event: 49.629 GC heap before
{Heap before GC invocations=106 (full 3):
 PSYoungGen      total 5120K, used 4768K [0x00000000eab00000, 0x00000000eb200000, 0x0000000100000000)
  eden space 4096K, 100% used [0x00000000eab00000,0x00000000eaf00000,0x00000000eaf00000)
  from space 1024K, 65% used [0x00000000eb100000,0x00000000eb1a8000,0x00000000eb200000)
  to   space 1024K, 0% used [0x00000000eaf00000,0x00000000eaf00000,0x00000000eb000000)
 ParOldGen       total 111616K, used 111260K [0x00000000c0000000, 0x00000000c6d00000, 0x00000000eab00000)
  object space 111616K, 99% used [0x00000000c0000000,0x00000000c6ca7248,0x00000000c6d00000)
 Metaspace       used 60164K, committed 61504K, reserved 1114112K
  class space    used 6177K, committed 6784K, reserved 1048576K
}
Event: 49.639 GC heap after
{Heap after GC invocations=106 (full 3):
 PSYoungGen      total 5120K, used 687K [0x00000000eab00000, 0x00000000eb180000, 0x0000000100000000)
  eden space 4096K, 0% used [0x00000000eab00000,0x00000000eab00000,0x00000000eaf00000)
  from space 1024K, 67% used [0x00000000eaf00000,0x00000000eafabcb0,0x00000000eb000000)
  to   space 1024K, 0% used [0x00000000eb080000,0x00000000eb080000,0x00000000eb180000)
 ParOldGen       total 112128K, used 111800K [0x00000000c0000000, 0x00000000c6d80000, 0x00000000eab00000)
  object space 112128K, 99% used [0x00000000c0000000,0x00000000c6d2e0c8,0x00000000c6d80000)
 Metaspace       used 60164K, committed 61504K, reserved 1114112K
  class space    used 6177K, committed 6784K, reserved 1048576K
}
Event: 49.804 GC heap before
{Heap before GC invocations=107 (full 3):
 PSYoungGen      total 5120K, used 4783K [0x00000000eab00000, 0x00000000eb180000, 0x0000000100000000)
  eden space 4096K, 100% used [0x00000000eab00000,0x00000000eaf00000,0x00000000eaf00000)
  from space 1024K, 67% used [0x00000000eaf00000,0x00000000eafabcb0,0x00000000eb000000)
  to   space 1024K, 0% used [0x00000000eb080000,0x00000000eb080000,0x00000000eb180000)
 ParOldGen       total 112128K, used 111800K [0x00000000c0000000, 0x00000000c6d80000, 0x00000000eab00000)
  object space 112128K, 99% used [0x00000000c0000000,0x00000000c6d2e0c8,0x00000000c6d80000)
 Metaspace       used 60192K, committed 61504K, reserved 1114112K
  class space    used 6177K, committed 6784K, reserved 1048576K
}
Event: 49.806 GC heap after
{Heap after GC invocations=107 (full 3):
 PSYoungGen      total 5120K, used 832K [0x00000000eab00000, 0x00000000eb180000, 0x0000000100000000)
  eden space 4096K, 0% used [0x00000000eab00000,0x00000000eab00000,0x00000000eaf00000)
  from space 1024K, 81% used [0x00000000eb080000,0x00000000eb150000,0x00000000eb180000)
  to   space 1024K, 0% used [0x00000000eaf00000,0x00000000eaf00000,0x00000000eb000000)
 ParOldGen       total 112640K, used 112370K [0x00000000c0000000, 0x00000000c6e00000, 0x00000000eab00000)
  object space 112640K, 99% used [0x00000000c0000000,0x00000000c6dbca08,0x00000000c6e00000)
 Metaspace       used 60192K, committed 61504K, reserved 1114112K
  class space    used 6177K, committed 6784K, reserved 1048576K
}
Event: 50.025 GC heap before
{Heap before GC invocations=108 (full 3):
 PSYoungGen      total 5120K, used 4928K [0x00000000eab00000, 0x00000000eb180000, 0x0000000100000000)
  eden space 4096K, 100% used [0x00000000eab00000,0x00000000eaf00000,0x00000000eaf00000)
  from space 1024K, 81% used [0x00000000eb080000,0x00000000eb150000,0x00000000eb180000)
  to   space 1024K, 0% used [0x00000000eaf00000,0x00000000eaf00000,0x00000000eb000000)
 ParOldGen       total 112640K, used 112370K [0x00000000c0000000, 0x00000000c6e00000, 0x00000000eab00000)
  object space 112640K, 99% used [0x00000000c0000000,0x00000000c6dbca08,0x00000000c6e00000)
 Metaspace       used 60267K, committed 61568K, reserved 1114112K
  class space    used 6179K, committed 6784K, reserved 1048576K
}
Event: 50.028 GC heap after
{Heap after GC invocations=108 (full 3):
 PSYoungGen      total 5120K, used 672K [0x00000000eab00000, 0x00000000eb100000, 0x0000000100000000)
  eden space 4096K, 0% used [0x00000000eab00000,0x00000000eab00000,0x00000000eaf00000)
  from space 1024K, 65% used [0x00000000eaf00000,0x00000000eafa8000,0x00000000eb000000)
  to   space 1024K, 0% used [0x00000000eb000000,0x00000000eb000000,0x00000000eb100000)
 ParOldGen       total 113152K, used 112979K [0x00000000c0000000, 0x00000000c6e80000, 0x00000000eab00000)
  object space 113152K, 99% used [0x00000000c0000000,0x00000000c6e54c48,0x00000000c6e80000)
 Metaspace       used 60267K, committed 61568K, reserved 1114112K
  class space    used 6179K, committed 6784K, reserved 1048576K
}
Event: 50.077 GC heap before
{Heap before GC invocations=109 (full 3):
 PSYoungGen      total 5120K, used 4767K [0x00000000eab00000, 0x00000000eb100000, 0x0000000100000000)
  eden space 4096K, 99% used [0x00000000eab00000,0x00000000eaeffcf0,0x00000000eaf00000)
  from space 1024K, 65% used [0x00000000eaf00000,0x00000000eafa8000,0x00000000eb000000)
  to   space 1024K, 0% used [0x00000000eb000000,0x00000000eb000000,0x00000000eb100000)
 ParOldGen       total 113152K, used 112979K [0x00000000c0000000, 0x00000000c6e80000, 0x00000000eab00000)
  object space 113152K, 99% used [0x00000000c0000000,0x00000000c6e54c48,0x00000000c6e80000)
 Metaspace       used 60275K, committed 61568K, reserved 1114112K
  class space    used 6179K, committed 6784K, reserved 1048576K
}
Event: 50.080 GC heap after
{Heap after GC invocations=109 (full 3):
 PSYoungGen      total 5120K, used 704K [0x00000000eab00000, 0x00000000eb100000, 0x0000000100000000)
  eden space 4096K, 0% used [0x00000000eab00000,0x00000000eab00000,0x00000000eaf00000)
  from space 1024K, 68% used [0x00000000eb000000,0x00000000eb0b0000,0x00000000eb100000)
  to   space 1024K, 0% used [0x00000000eaf00000,0x00000000eaf00000,0x00000000eb000000)
 ParOldGen       total 113664K, used 113497K [0x00000000c0000000, 0x00000000c6f00000, 0x00000000eab00000)
  object space 113664K, 99% used [0x00000000c0000000,0x00000000c6ed66e0,0x00000000c6f00000)
 Metaspace       used 60275K, committed 61568K, reserved 1114112K
  class space    used 6179K, committed 6784K, reserved 1048576K
}
Event: 50.169 GC heap before
{Heap before GC invocations=110 (full 3):
 PSYoungGen      total 5120K, used 4794K [0x00000000eab00000, 0x00000000eb100000, 0x0000000100000000)
  eden space 4096K, 99% used [0x00000000eab00000,0x00000000eaefebb8,0x00000000eaf00000)
  from space 1024K, 68% used [0x00000000eb000000,0x00000000eb0b0000,0x00000000eb100000)
  to   space 1024K, 0% used [0x00000000eaf00000,0x00000000eaf00000,0x00000000eb000000)
 ParOldGen       total 113664K, used 113497K [0x00000000c0000000, 0x00000000c6f00000, 0x00000000eab00000)
  object space 113664K, 99% used [0x00000000c0000000,0x00000000c6ed66e0,0x00000000c6f00000)
 Metaspace       used 60304K, committed 61632K, reserved 1114112K
  class space    used 6179K, committed 6784K, reserved 1048576K
}
Event: 50.170 GC heap after
{Heap after GC invocations=110 (full 3):
 PSYoungGen      total 5120K, used 747K [0x00000000eab00000, 0x00000000eb100000, 0x0000000100000000)
  eden space 4096K, 0% used [0x00000000eab00000,0x00000000eab00000,0x00000000eaf00000)
  from space 1024K, 72% used [0x00000000eaf00000,0x00000000eafbade8,0x00000000eb000000)
  to   space 1024K, 0% used [0x00000000eb000000,0x00000000eb000000,0x00000000eb100000)
 ParOldGen       total 114176K, used 114071K [0x00000000c0000000, 0x00000000c6f80000, 0x00000000eab00000)
  object space 114176K, 99% used [0x00000000c0000000,0x00000000c6f65e80,0x00000000c6f80000)
 Metaspace       used 60304K, committed 61632K, reserved 1114112K
  class space    used 6179K, committed 6784K, reserved 1048576K
}

Dll operation events (10 events):
Event: 0.048 Loaded shared library c:\Users\228173\.vscode\extensions\redhat.java-1.42.0-win32-x64\jre\21.0.7-win32-x86_64\bin\java.dll
Event: 0.133 Loaded shared library c:\Users\228173\.vscode\extensions\redhat.java-1.42.0-win32-x64\jre\21.0.7-win32-x86_64\bin\zip.dll
Event: 0.162 Loaded shared library C:\Users\228173\.vscode\extensions\redhat.java-1.42.0-win32-x64\jre\21.0.7-win32-x86_64\bin\instrument.dll
Event: 0.171 Loaded shared library C:\Users\228173\.vscode\extensions\redhat.java-1.42.0-win32-x64\jre\21.0.7-win32-x86_64\bin\net.dll
Event: 0.182 Loaded shared library C:\Users\228173\.vscode\extensions\redhat.java-1.42.0-win32-x64\jre\21.0.7-win32-x86_64\bin\nio.dll
Event: 0.189 Loaded shared library C:\Users\228173\.vscode\extensions\redhat.java-1.42.0-win32-x64\jre\21.0.7-win32-x86_64\bin\zip.dll
Event: 0.210 Loaded shared library C:\Users\228173\.vscode\extensions\redhat.java-1.42.0-win32-x64\jre\21.0.7-win32-x86_64\bin\jimage.dll
Event: 0.339 Loaded shared library c:\Users\228173\.vscode\extensions\redhat.java-1.42.0-win32-x64\jre\21.0.7-win32-x86_64\bin\verify.dll
Event: 2.129 Loaded shared library C:\Users\228173\AppData\Roaming\Code\User\globalStorage\redhat.java\1.42.0\config_win\org.eclipse.equinox.launcher\org.eclipse.equinox.launcher.win32.win32.x86_64_1.2.1300.v20250331-1702\eclipse_11911.dll
Event: 10.442 Loaded shared library C:\Users\228173\AppData\Local\Temp\jna-1479350741\jna3007197625025340987.dll

Deoptimization events (20 events):
Event: 49.579 Thread 0x0000028afe662530 DEOPT PACKING pc=0x0000028aebf49e1c sp=0x000000d4936fd210
Event: 49.580 Thread 0x0000028afe662530 DEOPT UNPACKING pc=0x0000028aeb7d6da2 sp=0x000000d4936fd188 mode 2
Event: 49.707 Thread 0x0000028afe662530 Uncommon trap: trap_request=0xffffff45 fr.pc=0x0000028aec3cfc2c relative=0x000000000000038c
Event: 49.707 Thread 0x0000028afe662530 Uncommon trap: reason=unstable_if action=reinterpret pc=0x0000028aec3cfc2c method=java.lang.String.indexOf(Ljava/lang/String;)I @ 10 c2
Event: 49.707 Thread 0x0000028afe662530 DEOPT PACKING pc=0x0000028aec3cfc2c sp=0x000000d4936fd610
Event: 49.707 Thread 0x0000028afe662530 DEOPT UNPACKING pc=0x0000028aeb7d6da2 sp=0x000000d4936fd4d0 mode 2
Event: 49.740 Thread 0x0000028afe662530 Uncommon trap: trap_request=0xffffff45 fr.pc=0x0000028aec1e5e94 relative=0x0000000000000154
Event: 49.740 Thread 0x0000028afe662530 Uncommon trap: reason=unstable_if action=reinterpret pc=0x0000028aec1e5e94 method=java.lang.CharacterDataLatin1.digit(II)I @ 12 c2
Event: 49.740 Thread 0x0000028afe662530 DEOPT PACKING pc=0x0000028aec1e5e94 sp=0x000000d4936fd310
Event: 49.740 Thread 0x0000028afe662530 DEOPT UNPACKING pc=0x0000028aeb7d6da2 sp=0x000000d4936fd1c8 mode 2
Event: 49.740 Thread 0x0000028afe662530 Uncommon trap: trap_request=0xffffff45 fr.pc=0x0000028aec13b3cc relative=0x00000000000000ac
Event: 49.740 Thread 0x0000028afe662530 Uncommon trap: reason=unstable_if action=reinterpret pc=0x0000028aec13b3cc method=java.lang.CharacterDataLatin1.digit(II)I @ 12 c2
Event: 49.740 Thread 0x0000028afe662530 DEOPT PACKING pc=0x0000028aec13b3cc sp=0x000000d4936fd260
Event: 49.740 Thread 0x0000028afe662530 DEOPT UNPACKING pc=0x0000028aeb7d6da2 sp=0x000000d4936fd1d8 mode 2
Event: 49.769 Thread 0x0000028afe662530 DEOPT PACKING pc=0x0000028ae50e557e sp=0x000000d4936fd2b0
Event: 49.769 Thread 0x0000028afe662530 DEOPT UNPACKING pc=0x0000028aeb7d78e2 sp=0x000000d4936fc790 mode 0
Event: 49.969 Thread 0x0000028afe662530 Uncommon trap: trap_request=0xffffff45 fr.pc=0x0000028aec3b4e4c relative=0x000000000000018c
Event: 49.969 Thread 0x0000028afe662530 Uncommon trap: reason=unstable_if action=reinterpret pc=0x0000028aec3b4e4c method=java.util.regex.Pattern$GroupTail.match(Ljava/util/regex/Matcher;ILjava/lang/CharSequence;)Z @ 73 c2
Event: 49.969 Thread 0x0000028afe662530 DEOPT PACKING pc=0x0000028aec3b4e4c sp=0x000000d4936fd0c0
Event: 49.969 Thread 0x0000028afe662530 DEOPT UNPACKING pc=0x0000028aeb7d6da2 sp=0x000000d4936fd068 mode 2

Classes loaded (20 events):
Event: 36.053 Loading class java/util/stream/Nodes$IntFixedNodeBuilder
Event: 36.053 Loading class java/util/stream/Node$Builder$OfInt
Event: 36.053 Loading class java/util/stream/Node$Builder$OfInt done
Event: 36.053 Loading class java/util/stream/Nodes$IntArrayNode
Event: 36.053 Loading class java/util/stream/Nodes$IntArrayNode done
Event: 36.054 Loading class java/util/stream/Nodes$IntFixedNodeBuilder done
Event: 36.054 Loading class java/util/stream/ReferencePipeline$4$1
Event: 36.054 Loading class java/util/stream/ReferencePipeline$4$1 done
Event: 36.410 Loading class java/util/Hashtable$ValueCollection
Event: 36.410 Loading class java/util/Hashtable$ValueCollection done
Event: 36.499 Loading class jdk/internal/math/FormattedFPDecimal
Event: 36.499 Loading class jdk/internal/math/FormattedFPDecimal done
Event: 36.536 Loading class java/util/concurrent/ConcurrentHashMap$KeySpliterator
Event: 36.536 Loading class java/util/concurrent/ConcurrentHashMap$KeySpliterator done
Event: 36.551 Loading class sun/nio/ch/ChannelOutputStream
Event: 36.552 Loading class sun/nio/ch/ChannelOutputStream done
Event: 43.797 Loading class java/util/ArrayDeque$DeqSpliterator
Event: 43.797 Loading class java/util/ArrayDeque$DeqSpliterator done
Event: 45.065 Loading class jdk/internal/module/IllegalAccessLogger
Event: 45.065 Loading class jdk/internal/module/IllegalAccessLogger done

Classes unloaded (7 events):
Event: 12.029 Thread 0x0000028af5435630 Unloading class 0x0000028a811a4400 'java/lang/invoke/LambdaForm$MH+0x0000028a811a4400'
Event: 12.029 Thread 0x0000028af5435630 Unloading class 0x0000028a811a4000 'java/lang/invoke/LambdaForm$MH+0x0000028a811a4000'
Event: 12.029 Thread 0x0000028af5435630 Unloading class 0x0000028a811a3c00 'java/lang/invoke/LambdaForm$MH+0x0000028a811a3c00'
Event: 12.029 Thread 0x0000028af5435630 Unloading class 0x0000028a811a3800 'java/lang/invoke/LambdaForm$MH+0x0000028a811a3800'
Event: 12.029 Thread 0x0000028af5435630 Unloading class 0x0000028a811a3400 'java/lang/invoke/LambdaForm$BMH+0x0000028a811a3400'
Event: 12.029 Thread 0x0000028af5435630 Unloading class 0x0000028a811a3000 'java/lang/invoke/LambdaForm$DMH+0x0000028a811a3000'
Event: 12.029 Thread 0x0000028af5435630 Unloading class 0x0000028a811a1c00 'java/lang/invoke/LambdaForm$DMH+0x0000028a811a1c00'

Classes redefined (0 events):
No events

Internal exceptions (20 events):
Event: 31.493 Thread 0x0000028afe662530 Exception <a 'java/lang/NoSuchMethodError'{0x00000000eaf95798}: 'java.lang.Object java.lang.invoke.DirectMethodHandle$Holder.invokeSpecial(java.lang.Object, java.lang.Object, java.lang.Object, int, int)'> (0x00000000eaf95798) 
thrown [s\src\hotspot\share\interpreter\linkResolver.cpp, line 773]
Event: 31.665 Thread 0x0000028afe662530 Implicit null exception at 0x0000028aec2470b3 to 0x0000028aec2476db
Event: 31.672 Thread 0x0000028afe662530 Implicit null exception at 0x0000028aec2413e8 to 0x0000028aec24158a
Event: 31.696 Thread 0x0000028afe662530 Implicit null exception at 0x0000028aec242618 to 0x0000028aec2427ac
Event: 33.218 Thread 0x0000028afe662530 Exception <a 'java/lang/NoSuchMethodError'{0x00000000eaf26400}: 'int java.lang.invoke.DirectMethodHandle$Holder.invokeSpecialIFC(java.lang.Object, java.lang.Object, java.lang.Object)'> (0x00000000eaf26400) 
thrown [s\src\hotspot\share\interpreter\linkResolver.cpp, line 773]
Event: 34.589 Thread 0x0000028afe662530 Implicit null exception at 0x0000028aec0ffcd7 to 0x0000028aec0ffd12
Event: 36.114 Thread 0x0000028afc10cae0 Implicit null exception at 0x0000028aec224951 to 0x0000028aec224ee0
Event: 36.429 Thread 0x0000028afe662530 Exception <a 'java/lang/NoSuchMethodError'{0x00000000eb1b8710}: 'int java.lang.invoke.DirectMethodHandle$Holder.invokeSpecialIFC(java.lang.Object, java.lang.Object, java.lang.Object, java.lang.Object)'> (0x00000000eb1b8710) 
thrown [s\src\hotspot\share\interpreter\linkResolver.cpp, line 773]
Event: 36.468 Thread 0x0000028afc10cae0 Exception <a 'java/lang/NoSuchMethodError'{0x00000000eb29e998}: 'void java.lang.invoke.DirectMethodHandle$Holder.invokeStatic(java.lang.Object, int, java.lang.Object)'> (0x00000000eb29e998) 
thrown [s\src\hotspot\share\interpreter\linkResolver.cpp, line 773]
Event: 36.539 Thread 0x0000028afe662530 Exception <a 'java/lang/NoSuchMethodError'{0x00000000ead53bb0}: 'java.lang.Object java.lang.invoke.DirectMethodHandle$Holder.newInvokeSpecial(java.lang.Object, java.lang.Object, int, int, java.lang.Object)'> (0x00000000ead53bb0) 
thrown [s\src\hotspot\share\interpreter\linkResolver.cpp, line 773]
Event: 36.761 Thread 0x0000028afc10cae0 Implicit null exception at 0x0000028aec2442c7 to 0x0000028aec244980
Event: 39.181 Thread 0x0000028afe662530 Exception <a 'sun/nio/fs/WindowsException'{0x00000000eafe9538}> (0x00000000eafe9538) 
thrown [s\src\hotspot\share\prims\jni.cpp, line 520]
Event: 39.182 Thread 0x0000028afd57a470 Exception <a 'sun/nio/fs/WindowsException'{0x00000000eafeb460}> (0x00000000eafeb460) 
thrown [s\src\hotspot\share\prims\jni.cpp, line 520]
Event: 39.183 Thread 0x0000028afd57a470 Exception <a 'sun/nio/fs/WindowsException'{0x00000000eafec478}> (0x00000000eafec478) 
thrown [s\src\hotspot\share\prims\jni.cpp, line 520]
Event: 45.117 Thread 0x0000028afe662530 Exception <a 'sun/nio/fs/WindowsException'{0x00000000eab8c6f8}> (0x00000000eab8c6f8) 
thrown [s\src\hotspot\share\prims\jni.cpp, line 520]
Event: 45.118 Thread 0x0000028afe662530 Exception <a 'sun/nio/fs/WindowsException'{0x00000000eab8cf50}> (0x00000000eab8cf50) 
thrown [s\src\hotspot\share\prims\jni.cpp, line 520]
Event: 45.119 Thread 0x0000028afe662530 Exception <a 'sun/nio/fs/WindowsException'{0x00000000eab8de20}> (0x00000000eab8de20) 
thrown [s\src\hotspot\share\prims\jni.cpp, line 520]
Event: 45.119 Thread 0x0000028afe662530 Exception <a 'sun/nio/fs/WindowsException'{0x00000000eab8e678}> (0x00000000eab8e678) 
thrown [s\src\hotspot\share\prims\jni.cpp, line 520]
Event: 49.280 Thread 0x0000028afe662530 Exception <a 'java/lang/NoSuchMethodError'{0x00000000ead37ae0}: 'void java.lang.invoke.DirectMethodHandle$Holder.invokeStatic(java.lang.Object, java.lang.Object, java.lang.Object, int)'> (0x00000000ead37ae0) 
thrown [s\src\hotspot\share\interpreter\linkResolver.cpp, line 773]
Event: 49.293 Thread 0x0000028afe662530 Exception <a 'java/lang/NoSuchMethodError'{0x00000000eade7ab8}: 'void java.lang.invoke.DirectMethodHandle$Holder.invokeVirtual(java.lang.Object, java.lang.Object, int)'> (0x00000000eade7ab8) 
thrown [s\src\hotspot\share\interpreter\linkResolver.cpp, line 773]

ZGC Phase Switch (0 events):
No events

VM Operations (20 events):
Event: 45.581 Executing VM operation: ParallelGCFailedAllocation (Allocation Failure)
Event: 45.602 Executing VM operation: ParallelGCFailedAllocation (Allocation Failure) done
Event: 45.657 Executing VM operation: ParallelGCFailedAllocation (Allocation Failure)
Event: 49.118 Executing VM operation: ParallelGCFailedAllocation (Allocation Failure) done
Event: 49.200 Executing VM operation: ParallelGCFailedAllocation (Allocation Failure)
Event: 49.203 Executing VM operation: ParallelGCFailedAllocation (Allocation Failure) done
Event: 49.241 Executing VM operation: ParallelGCFailedAllocation (Allocation Failure)
Event: 49.243 Executing VM operation: ParallelGCFailedAllocation (Allocation Failure) done
Event: 49.356 Executing VM operation: ParallelGCFailedAllocation (Allocation Failure)
Event: 49.412 Executing VM operation: ParallelGCFailedAllocation (Allocation Failure) done
Event: 49.617 Executing VM operation: ParallelGCFailedAllocation (Allocation Failure)
Event: 49.639 Executing VM operation: ParallelGCFailedAllocation (Allocation Failure) done
Event: 49.804 Executing VM operation: ParallelGCFailedAllocation (Allocation Failure)
Event: 49.806 Executing VM operation: ParallelGCFailedAllocation (Allocation Failure) done
Event: 49.993 Executing VM operation: ParallelGCFailedAllocation (Allocation Failure)
Event: 50.028 Executing VM operation: ParallelGCFailedAllocation (Allocation Failure) done
Event: 50.077 Executing VM operation: ParallelGCFailedAllocation (Allocation Failure)
Event: 50.080 Executing VM operation: ParallelGCFailedAllocation (Allocation Failure) done
Event: 50.169 Executing VM operation: ParallelGCFailedAllocation (Allocation Failure)
Event: 50.170 Executing VM operation: ParallelGCFailedAllocation (Allocation Failure) done

Memory protections (0 events):
No events

Nmethod flushes (20 events):
Event: 43.671 Thread 0x0000028af5435630 flushing  nmethod 0x0000028ae4b72110
Event: 43.671 Thread 0x0000028af5435630 flushing  nmethod 0x0000028ae4b72590
Event: 43.671 Thread 0x0000028af5435630 flushing  nmethod 0x0000028ae4b78a90
Event: 43.671 Thread 0x0000028af5435630 flushing  nmethod 0x0000028ae4b79890
Event: 43.671 Thread 0x0000028af5435630 flushing osr nmethod 0x0000028ae4b7a490
Event: 43.671 Thread 0x0000028af5435630 flushing  nmethod 0x0000028ae4b7f490
Event: 43.671 Thread 0x0000028af5435630 flushing  nmethod 0x0000028ae4b8ab10
Event: 43.671 Thread 0x0000028af5435630 flushing  nmethod 0x0000028ae4b9c190
Event: 43.671 Thread 0x0000028af5435630 flushing  nmethod 0x0000028ae4ba3410
Event: 43.671 Thread 0x0000028af5435630 flushing  nmethod 0x0000028ae4ba4310
Event: 43.671 Thread 0x0000028af5435630 flushing  nmethod 0x0000028ae4bed710
Event: 43.671 Thread 0x0000028af5435630 flushing  nmethod 0x0000028ae4bef010
Event: 43.671 Thread 0x0000028af5435630 flushing  nmethod 0x0000028ae4bef610
Event: 43.671 Thread 0x0000028af5435630 flushing  nmethod 0x0000028ae4bf3390
Event: 43.671 Thread 0x0000028af5435630 flushing  nmethod 0x0000028ae4bf3a90
Event: 43.671 Thread 0x0000028af5435630 flushing  nmethod 0x0000028ae4bf4210
Event: 43.671 Thread 0x0000028af5435630 flushing  nmethod 0x0000028ae4bf5990
Event: 43.671 Thread 0x0000028af5435630 flushing  nmethod 0x0000028ae4c03810
Event: 43.671 Thread 0x0000028af5435630 flushing  nmethod 0x0000028ae4c0d110
Event: 43.671 Thread 0x0000028af5435630 flushing  nmethod 0x0000028ae4c1a310

Events (20 events):
Event: 25.361 Thread 0x0000028afd57b820 Thread added: 0x0000028afd57a470
Event: 25.374 Thread 0x0000028afd57b820 Thread added: 0x0000028afd576960
Event: 25.411 Thread 0x0000028afd5783a0 Thread added: 0x0000028afd57beb0
Event: 25.611 Thread 0x0000028afe662530 Thread added: 0x0000028afd579de0
Event: 25.611 Thread 0x0000028afe662530 Thread added: 0x0000028afd57c540
Event: 25.612 Thread 0x0000028afe662530 Thread added: 0x0000028afd5755b0
Event: 25.612 Thread 0x0000028afe662530 Thread added: 0x0000028afd577d10
Event: 25.612 Thread 0x0000028afe662530 Thread added: 0x0000028afd576ff0
Event: 25.612 Thread 0x0000028afe662530 Thread added: 0x0000028afd578a30
Event: 30.251 Thread 0x0000028afb0413d0 Thread added: 0x0000028afdc75df0
Event: 31.486 Thread 0x0000028afdc75df0 Thread exited: 0x0000028afdc75df0
Event: 31.612 Thread 0x0000028afb0413d0 Thread added: 0x0000028afdc75df0
Event: 36.028 Thread 0x0000028afe662530 Thread added: 0x0000028afc10cae0
Event: 36.541 Thread 0x0000028afe662530 Thread added: 0x0000028afc108fd0
Event: 36.560 Thread 0x0000028afe662530 Thread added: 0x0000028afc1082b0
Event: 36.561 Thread 0x0000028afe662530 Thread added: 0x0000028afc10c450
Event: 36.561 Thread 0x0000028afe662530 Thread added: 0x0000028afc10b730
Event: 36.561 Thread 0x0000028afe662530 Thread added: 0x0000028afc10d170
Event: 36.680 Thread 0x0000028afe662530 Thread added: 0x0000028afc109cf0
Event: 38.033 Thread 0x0000028afdc75df0 Thread exited: 0x0000028afdc75df0


Dynamic libraries:
0x00007ff6f6d70000 - 0x00007ff6f6d7e000 	c:\Users\228173\.vscode\extensions\redhat.java-1.42.0-win32-x64\jre\21.0.7-win32-x86_64\bin\java.exe
0x00007ffab52d0000 - 0x00007ffab54e7000 	C:\WINDOWS\SYSTEM32\ntdll.dll
0x00007ffab4670000 - 0x00007ffab4734000 	C:\WINDOWS\System32\KERNEL32.DLL
0x00007ffab2520000 - 0x00007ffab28f3000 	C:\WINDOWS\System32\KERNELBASE.dll
0x00007ffab2a30000 - 0x00007ffab2b41000 	C:\WINDOWS\System32\ucrtbase.dll
0x00007ffa90570000 - 0x00007ffa90588000 	c:\Users\228173\.vscode\extensions\redhat.java-1.42.0-win32-x64\jre\21.0.7-win32-x86_64\bin\jli.dll
0x00007ffa952c0000 - 0x00007ffa952de000 	c:\Users\228173\.vscode\extensions\redhat.java-1.42.0-win32-x64\jre\21.0.7-win32-x86_64\bin\VCRUNTIME140.dll
0x00007ffab43a0000 - 0x00007ffab4551000 	C:\WINDOWS\System32\USER32.dll
0x00007ffab2900000 - 0x00007ffab2926000 	C:\WINDOWS\System32\win32u.dll
0x00007ffab51f0000 - 0x00007ffab5219000 	C:\WINDOWS\System32\GDI32.dll
0x00007ffab2b50000 - 0x00007ffab2c6b000 	C:\WINDOWS\System32\gdi32full.dll
0x00007ffa9a2b0000 - 0x00007ffa9a548000 	C:\WINDOWS\WinSxS\amd64_microsoft.windows.common-controls_6595b64144ccf1df_6.0.22621.5124_none_270e8f4f7386d69d\COMCTL32.dll
0x00007ffab2ea0000 - 0x00007ffab2f3a000 	C:\WINDOWS\System32\msvcp_win.dll
0x00007ffab5140000 - 0x00007ffab51e7000 	C:\WINDOWS\System32\msvcrt.dll
0x00007ffab4630000 - 0x00007ffab4661000 	C:\WINDOWS\System32\IMM32.DLL
0x0000028ade960000 - 0x0000028ade976000 	C:\WINDOWS\System32\umppc19706.dll
0x0000028ade9a0000 - 0x0000028ade9b3000 	C:\WINDOWS\System32\CsXumd64_19706.dll
0x00007ffab1af0000 - 0x00007ffab1c31000 	C:\Program Files\Avecto\Privilege Guard Client\PGHook.dll
0x0000000068000000 - 0x000000006806e000 	C:\WINDOWS\System32\QIPCAP64.dll
0x00007ffab4560000 - 0x00007ffab4611000 	C:\WINDOWS\System32\ADVAPI32.dll
0x00007ffab3fd0000 - 0x00007ffab4078000 	C:\WINDOWS\System32\sechost.dll
0x00007ffab2f40000 - 0x00007ffab2f68000 	C:\WINDOWS\System32\bcrypt.dll
0x00007ffab4ba0000 - 0x00007ffab4cb4000 	C:\WINDOWS\System32\RPCRT4.dll
0x00007ffab3730000 - 0x00007ffab3fc6000 	C:\WINDOWS\System32\SHELL32.dll
0x00007ffab23e0000 - 0x00007ffab251f000 	C:\WINDOWS\System32\wintypes.dll
0x00007ffab3390000 - 0x00007ffab3722000 	C:\WINDOWS\System32\combase.dll
0x00007ffab0a50000 - 0x00007ffab0b52000 	C:\WINDOWS\SYSTEM32\DNSAPI.dll
0x00007ffab0a20000 - 0x00007ffab0a4d000 	C:\WINDOWS\SYSTEM32\IPHLPAPI.DLL
0x00007ffab40e0000 - 0x00007ffab40e9000 	C:\WINDOWS\System32\NSI.dll
0x00007ffa96150000 - 0x00007ffa9615c000 	c:\Users\228173\.vscode\extensions\redhat.java-1.42.0-win32-x64\jre\21.0.7-win32-x86_64\bin\vcruntime140_1.dll
0x00007ffa8add0000 - 0x00007ffa8ae5d000 	c:\Users\228173\.vscode\extensions\redhat.java-1.42.0-win32-x64\jre\21.0.7-win32-x86_64\bin\msvcp140.dll
0x00007ff9e6480000 - 0x00007ff9e7210000 	c:\Users\228173\.vscode\extensions\redhat.java-1.42.0-win32-x64\jre\21.0.7-win32-x86_64\bin\server\jvm.dll
0x0000028ae02b0000 - 0x0000028ae0321000 	C:\WINDOWS\System32\WS2_32.dll
0x00007ffab1c80000 - 0x00007ffab1ccd000 	C:\WINDOWS\SYSTEM32\POWRPROF.dll
0x00007ffa998d0000 - 0x00007ffa99904000 	C:\WINDOWS\SYSTEM32\WINMM.dll
0x00007ffaa2680000 - 0x00007ffaa268a000 	C:\WINDOWS\SYSTEM32\VERSION.dll
0x00007ffab1c40000 - 0x00007ffab1c53000 	C:\WINDOWS\SYSTEM32\UMPDC.dll
0x00007ffab11a0000 - 0x00007ffab11b8000 	C:\WINDOWS\SYSTEM32\kernel.appcore.dll
0x00007ffa959f0000 - 0x00007ffa959fa000 	c:\Users\228173\.vscode\extensions\redhat.java-1.42.0-win32-x64\jre\21.0.7-win32-x86_64\bin\jimage.dll
0x00007ffaaf780000 - 0x00007ffaaf9b2000 	C:\WINDOWS\SYSTEM32\DBGHELP.DLL
0x00007ffab4880000 - 0x00007ffab4957000 	C:\WINDOWS\System32\OLEAUT32.dll
0x00007ffa8de90000 - 0x00007ffa8dec2000 	C:\WINDOWS\SYSTEM32\dbgcore.DLL
0x00007ffab29b0000 - 0x00007ffab2a2b000 	C:\WINDOWS\System32\bcryptPrimitives.dll
0x00007ffa952b0000 - 0x00007ffa952bf000 	c:\Users\228173\.vscode\extensions\redhat.java-1.42.0-win32-x64\jre\21.0.7-win32-x86_64\bin\instrument.dll
0x00007ffa8fd50000 - 0x00007ffa8fd6f000 	c:\Users\228173\.vscode\extensions\redhat.java-1.42.0-win32-x64\jre\21.0.7-win32-x86_64\bin\java.dll
0x00007ffaaffe0000 - 0x00007ffab08fa000 	C:\WINDOWS\SYSTEM32\windows.storage.dll
0x00007ffab3280000 - 0x00007ffab338a000 	C:\WINDOWS\System32\SHCORE.dll
0x00007ffab42b0000 - 0x00007ffab4313000 	C:\WINDOWS\System32\shlwapi.dll
0x00007ffab2310000 - 0x00007ffab233b000 	C:\WINDOWS\SYSTEM32\profapi.dll
0x00007ffa8fc20000 - 0x00007ffa8fc38000 	c:\Users\228173\.vscode\extensions\redhat.java-1.42.0-win32-x64\jre\21.0.7-win32-x86_64\bin\zip.dll
0x00007ffa91ab0000 - 0x00007ffa91ac0000 	C:\Users\228173\.vscode\extensions\redhat.java-1.42.0-win32-x64\jre\21.0.7-win32-x86_64\bin\net.dll
0x00007ffab11c0000 - 0x00007ffab12ec000 	C:\WINDOWS\SYSTEM32\WINHTTP.dll
0x00007ffab1740000 - 0x00007ffab17aa000 	C:\WINDOWS\system32\mswsock.dll
0x00007ffa8f3b0000 - 0x00007ffa8f3c6000 	C:\Users\228173\.vscode\extensions\redhat.java-1.42.0-win32-x64\jre\21.0.7-win32-x86_64\bin\nio.dll
0x00007ffa91210000 - 0x00007ffa91220000 	c:\Users\228173\.vscode\extensions\redhat.java-1.42.0-win32-x64\jre\21.0.7-win32-x86_64\bin\verify.dll
0x00007ffa8ac60000 - 0x00007ffa8aca5000 	C:\Users\228173\AppData\Roaming\Code\User\globalStorage\redhat.java\1.42.0\config_win\org.eclipse.equinox.launcher\org.eclipse.equinox.launcher.win32.win32.x86_64_1.2.1300.v20250331-1702\eclipse_11911.dll
0x00007ffab30b0000 - 0x00007ffab3251000 	C:\WINDOWS\System32\ole32.dll
0x00007ffab1a50000 - 0x00007ffab1a6b000 	C:\WINDOWS\SYSTEM32\CRYPTSP.dll
0x00007ffab1100000 - 0x00007ffab1137000 	C:\WINDOWS\system32\rsaenh.dll
0x00007ffab17e0000 - 0x00007ffab1808000 	C:\WINDOWS\SYSTEM32\USERENV.dll
0x00007ffab19c0000 - 0x00007ffab19cc000 	C:\WINDOWS\SYSTEM32\CRYPTBASE.dll
0x00007ffa8b9e0000 - 0x00007ffa8ba29000 	C:\Users\228173\AppData\Local\Temp\jna-1479350741\jna3007197625025340987.dll
0x00007ffab4080000 - 0x00007ffab4088000 	C:\WINDOWS\System32\PSAPI.DLL
0x00007ffaa53e0000 - 0x00007ffaa53f9000 	C:\WINDOWS\SYSTEM32\dhcpcsvc6.DLL
0x00007ffaa5150000 - 0x00007ffaa516f000 	C:\WINDOWS\SYSTEM32\dhcpcsvc.DLL

dbghelp: loaded successfully - version: 4.0.5 - missing functions: none
symbol engine: initialized successfully - sym options: 0x614 - pdb path: .;c:\Users\228173\.vscode\extensions\redhat.java-1.42.0-win32-x64\jre\21.0.7-win32-x86_64\bin;C:\WINDOWS\SYSTEM32;C:\WINDOWS\WinSxS\amd64_microsoft.windows.common-controls_6595b64144ccf1df_6.0.22621.5124_none_270e8f4f7386d69d;C:\Program Files\Avecto\Privilege Guard Client;c:\Users\228173\.vscode\extensions\redhat.java-1.42.0-win32-x64\jre\21.0.7-win32-x86_64\bin\server;C:\Users\228173\AppData\Roaming\Code\User\globalStorage\redhat.java\1.42.0\config_win\org.eclipse.equinox.launcher\org.eclipse.equinox.launcher.win32.win32.x86_64_1.2.1300.v20250331-1702;C:\Users\228173\AppData\Local\Temp\jna-1479350741

VM Arguments:
jvm_args: --add-modules=ALL-SYSTEM --add-opens=java.base/java.util=ALL-UNNAMED --add-opens=java.base/java.lang=ALL-UNNAMED --add-opens=java.base/sun.nio.fs=ALL-UNNAMED -Declipse.application=org.eclipse.jdt.ls.core.id1 -Dosgi.bundles.defaultStartLevel=4 -Declipse.product=org.eclipse.jdt.ls.core.product -Djava.import.generatesMetadataFilesAtProjectRoot=false -DDetectVMInstallationsJob.disabled=true -Dfile.encoding=utf8 -XX:+UseParallelGC -XX:GCTimeRatio=4 -XX:AdaptiveSizePolicyWeight=90 -Dsun.zip.disableMemoryMapping=true -Xmx1G -Xms100m -Xlog:disable -javaagent:c:\Users\228173\.vscode\extensions\redhat.java-1.42.0-win32-x64\lombok\lombok-1.18.36.jar -XX:+HeapDumpOnOutOfMemoryError -XX:HeapDumpPath=c:\Users\228173\AppData\Roaming\Code\User\workspaceStorage\2871f856292fa7dcc08f245d6134fec5\redhat.java -Daether.dependencyCollector.impl=bf 
java_command: c:\Users\228173\.vscode\extensions\redhat.java-1.42.0-win32-x64\server\plugins\org.eclipse.equinox.launcher_1.7.0.v20250424-1814.jar -configuration c:\Users\228173\AppData\Roaming\Code\User\globalStorage\redhat.java\1.42.0\config_win -data c:\Users\228173\AppData\Roaming\Code\User\workspaceStorage\2871f856292fa7dcc08f245d6134fec5\redhat.java\jdt_ws --pipe=\\.\pipe\lsp-9df3bdc5565172d382a8f7bb8bd3b435-sock
java_class_path (initial): c:\Users\228173\.vscode\extensions\redhat.java-1.42.0-win32-x64\server\plugins\org.eclipse.equinox.launcher_1.7.0.v20250424-1814.jar
Launcher Type: SUN_STANDARD

[Global flags]
    uintx AdaptiveSizePolicyWeight                 = 90                                        {product} {command line}
     intx CICompilerCount                          = 4                                         {product} {ergonomic}
    uintx GCTimeRatio                              = 4                                         {product} {command line}
     bool HeapDumpOnOutOfMemoryError               = true                                   {manageable} {command line}
    ccstr HeapDumpPath                             = c:\Users\228173\AppData\Roaming\Code\User\workspaceStorage\2871f856292fa7dcc08f245d6134fec5\redhat.java         {manageable} {command line}
   size_t InitialHeapSize                          = 104857600                                 {product} {command line}
   size_t MaxHeapSize                              = 1073741824                                {product} {command line}
   size_t MaxNewSize                               = 357564416                                 {product} {ergonomic}
   size_t MinHeapDeltaBytes                        = 524288                                    {product} {ergonomic}
   size_t MinHeapSize                              = 104857600                                 {product} {command line}
   size_t NewSize                                  = 34603008                                  {product} {ergonomic}
    uintx NonNMethodCodeHeapSize                   = 5839372                                {pd product} {ergonomic}
    uintx NonProfiledCodeHeapSize                  = 122909434                              {pd product} {ergonomic}
   size_t OldSize                                  = 70254592                                  {product} {ergonomic}
    uintx ProfiledCodeHeapSize                     = 122909434                              {pd product} {ergonomic}
    uintx ReservedCodeCacheSize                    = 251658240                              {pd product} {ergonomic}
     bool SegmentedCodeCache                       = true                                      {product} {ergonomic}
   size_t SoftMaxHeapSize                          = 1073741824                             {manageable} {ergonomic}
     bool UseCompressedOops                        = true                           {product lp64_product} {ergonomic}
     bool UseLargePagesIndividualAllocation        = false                                  {pd product} {ergonomic}
     bool UseParallelGC                            = true                                      {product} {command line}

Logging:
Log output configuration:
 #0: stdout all=off uptime,level,tags foldmultilines=false
 #1: stderr all=off uptime,level,tags foldmultilines=false

Environment Variables:
PATH=C:\Program Files\Common Files\Oracle\Java\javapath;C:\Program Files (x86)\Common Files\Oracle\Java\java8path;C:\Program Files (x86)\Common Files\Oracle\Java\javapath;C:\Program Files (x86)\NVIDIA Corporation\PhysX\Common;C:\WINDOWS\system32;C:\WINDOWS;C:\WINDOWS\System32\Wbem;C:\WINDOWS\System32\WindowsPowerShell\v1.0\;C:\WINDOWS\System32\OpenSSH\;C:\Program Files (x86)\Windows Kits\8.1\Windows Performance Toolkit\;C:\Program Files\dotnet\;C:\ProgramData\chocolatey\bin;C:\Users\228173\downloads\gradle-8.11.1-bin\gradle-8.11.1\bin;C:\Program Files\nodejs\;C:\Users\228173\AppData\Local\Microsoft\WindowsApps;C:\Users\228173\AppData\Local\Programs\Microsoft VS Code\bin;C:\Users\228173\AppData\Local\Programs\Git\cmd;C:\Users\228173\AppData\Roaming\npm;C:\Users\228173\apache-maven-3.9.9;C:\Program Files\MySQL\MySQL Server 9.2\bin;
USERNAME=228173
OS=Windows_NT
PROCESSOR_IDENTIFIER=Intel64 Family 6 Model 140 Stepping 1, GenuineIntel
TMP=C:\Users\228173\AppData\Local\Temp
TEMP=C:\Users\228173\AppData\Local\Temp




Periodic native trim disabled

---------------  S Y S T E M  ---------------

OS:
 Windows 11 , 64 bit Build 22621 (10.0.22621.5124)
OS uptime: 2 days 18:22 hours
Hyper-V role detected

CPU: total 8 (initial active 8) (4 cores per cpu, 2 threads per core) family 6 model 140 stepping 1 microcode 0xb4, cx8, cmov, fxsr, ht, mmx, 3dnowpref, sse, sse2, sse3, ssse3, sse4.1, sse4.2, popcnt, lzcnt, tsc, tscinvbit, avx, avx2, aes, erms, clmul, bmi1, bmi2, adx, avx512f, avx512dq, avx512cd, avx512bw, avx512vl, sha, fma, vzeroupper, avx512_vpopcntdq, avx512_vpclmulqdq, avx512_vaes, avx512_vnni, clflush, clflushopt, clwb, avx512_vbmi2, avx512_vbmi, hv, rdtscp, rdpid, fsrm, gfni, avx512_bitalg, f16c, cet_ibt, cet_ss, avx512_ifma
Processor Information for the first 8 processors :
  Max Mhz: 1805, Current Mhz: 1805, Mhz Limit: 1805

Memory: 4k page, system-wide physical 15761M (154M free)
TotalPageFile size 27609M (AvailPageFile size 12M)
current process WorkingSet (physical memory assigned to process): 334M, peak: 338M
current process commit charge ("private bytes"): 361M, peak: 930M

vm_info: OpenJDK 64-Bit Server VM (21.0.7+6-LTS) for windows-amd64 JRE (21.0.7+6-LTS), built on 2025-04-15T00:00:00Z by "admin" with MS VC++ 17.7 (VS2022)

END.
